2020-02-03 13:51:55.291  INFO 10416 --- [RMI TCP Connection(10)-127.0.0.1] inMXBeanRegistrar$SpringApplicationAdmin : Application shutdown requested.
2020-02-03 13:51:55.306  INFO 10416 --- [RMI TCP Connection(10)-127.0.0.1] o.s.s.concurrent.ThreadPoolTaskExecutor  : Shutting down ExecutorService 'applicationTaskExecutor'
2020-02-03 13:51:55.309  INFO 10416 --- [RMI TCP Connection(10)-127.0.0.1] j.LocalContainerEntityManagerFactoryBean : Closing JPA EntityManagerFactory for persistence unit 'default'
2020-02-03 13:51:55.316  INFO 10416 --- [RMI TCP Connection(10)-127.0.0.1] com.zaxxer.hikari.HikariDataSource       : HikariPool-1 - Shutdown initiated...
2020-02-03 13:51:55.378  INFO 10416 --- [RMI TCP Connection(10)-127.0.0.1] com.zaxxer.hikari.HikariDataSource       : HikariPool-1 - Shutdown completed.
2020-02-03 13:52:05.221  INFO 3100 --- [main] com.movie.Movierentals2Application       : Starting Movierentals2Application on nani-laptop with PID 3100 (C:\Users\Nani\Desktop\Technologies\Java\spring-tool-suite-3.9.11.RELEASE-e4.14.0-win32-x86_64\sts-bundle\workspace-sts-3.9.11.RELEASE\movierentals2\target\classes started by Nani in C:\Users\Nani\Desktop\Technologies\Java\spring-tool-suite-3.9.11.RELEASE-e4.14.0-win32-x86_64\sts-bundle\workspace-sts-3.9.11.RELEASE\movierentals2)
2020-02-03 13:52:05.231  INFO 3100 --- [main] com.movie.Movierentals2Application       : The following profiles are active: prod
2020-02-03 13:52:07.527  INFO 3100 --- [main] .s.d.r.c.RepositoryConfigurationDelegate : Bootstrapping Spring Data JPA repositories in DEFAULT mode.
2020-02-03 13:52:07.777  INFO 3100 --- [main] .s.d.r.c.RepositoryConfigurationDelegate : Finished Spring Data repository scanning in 220ms. Found 1 JPA repository interfaces.
2020-02-03 13:52:08.744  INFO 3100 --- [main] trationDelegate$BeanPostProcessorChecker : Bean 'org.springframework.transaction.annotation.ProxyTransactionManagementConfiguration' of type [org.springframework.transaction.annotation.ProxyTransactionManagementConfiguration] is not eligible for getting processed by all BeanPostProcessors (for example: not eligible for auto-proxying)
2020-02-03 13:52:09.689  INFO 3100 --- [main] o.s.b.w.embedded.tomcat.TomcatWebServer  : Tomcat initialized with port(s): 8080 (http)
2020-02-03 13:52:09.715  INFO 3100 --- [main] o.apache.catalina.core.StandardService   : Starting service [Tomcat]
2020-02-03 13:52:09.717  INFO 3100 --- [main] org.apache.catalina.core.StandardEngine  : Starting Servlet engine: [Apache Tomcat/9.0.30]
2020-02-03 13:52:10.103  INFO 3100 --- [main] o.a.c.c.C.[.[.[/movierentals2]           : Initializing Spring embedded WebApplicationContext
2020-02-03 13:52:10.104  INFO 3100 --- [main] o.s.web.context.ContextLoader            : Root WebApplicationContext: initialization completed in 4677 ms
2020-02-03 13:52:10.566  INFO 3100 --- [main] com.zaxxer.hikari.HikariDataSource       : HikariPool-1 - Starting...
2020-02-03 13:52:13.254  INFO 3100 --- [main] com.zaxxer.hikari.HikariDataSource       : HikariPool-1 - Start completed.
2020-02-03 13:52:13.447  INFO 3100 --- [main] o.hibernate.jpa.internal.util.LogHelper  : HHH000204: Processing PersistenceUnitInfo [name: default]
2020-02-03 13:52:13.755  INFO 3100 --- [main] org.hibernate.Version                    : HHH000412: Hibernate Core {5.4.10.Final}
2020-02-03 13:52:14.260  INFO 3100 --- [main] o.hibernate.annotations.common.Version   : HCANN000001: Hibernate Commons Annotations {5.1.0.Final}
2020-02-03 13:52:14.680  INFO 3100 --- [main] org.hibernate.dialect.Dialect            : HHH000400: Using dialect: org.hibernate.dialect.MySQL8Dialect
2020-02-03 13:52:16.581  INFO 3100 --- [main] o.h.e.t.j.p.i.JtaPlatformInitiator       : HHH000490: Using JtaPlatform implementation: [org.hibernate.engine.transaction.jta.platform.internal.NoJtaPlatform]
2020-02-03 13:52:16.609  INFO 3100 --- [main] j.LocalContainerEntityManagerFactoryBean : Initialized JPA EntityManagerFactory for persistence unit 'default'
2020-02-03 13:52:17.997  WARN 3100 --- [main] JpaBaseConfiguration$JpaWebConfiguration : spring.jpa.open-in-view is enabled by default. Therefore, database queries may be performed during view rendering. Explicitly configure spring.jpa.open-in-view to disable this warning
2020-02-03 13:52:18.437  INFO 3100 --- [main] o.s.s.concurrent.ThreadPoolTaskExecutor  : Initializing ExecutorService 'applicationTaskExecutor'
2020-02-03 13:52:19.177  INFO 3100 --- [main] o.s.b.w.embedded.tomcat.TomcatWebServer  : Tomcat started on port(s): 8080 (http) with context path '/movierentals2'
2020-02-03 13:52:19.185  INFO 3100 --- [main] com.movie.Movierentals2Application       : Started Movierentals2Application in 15.4 seconds (JVM running for 18.594)
2020-02-03 13:54:16.777  INFO 3100 --- [http-nio-8080-exec-1] o.a.c.c.C.[.[.[/movierentals2]           : Initializing Spring DispatcherServlet 'dispatcherServlet'
2020-02-03 13:54:16.779  INFO 3100 --- [http-nio-8080-exec-1] o.s.web.servlet.DispatcherServlet        : Initializing Servlet 'dispatcherServlet'
2020-02-03 13:54:16.813  INFO 3100 --- [http-nio-8080-exec-1] o.s.web.servlet.DispatcherServlet        : Completed initialization in 33 ms
2020-02-03 13:54:16.976  INFO 3100 --- [http-nio-8080-exec-1] com.movie.logger.LoggingAspect           : getRentedMoviesViewRecords method called
2020-02-03 13:56:42.209  INFO 3100 --- [RMI TCP Connection(13)-127.0.0.1] inMXBeanRegistrar$SpringApplicationAdmin : Application shutdown requested.
2020-02-03 13:56:42.281  INFO 3100 --- [RMI TCP Connection(13)-127.0.0.1] o.s.s.concurrent.ThreadPoolTaskExecutor  : Shutting down ExecutorService 'applicationTaskExecutor'
2020-02-03 13:56:42.291  INFO 3100 --- [RMI TCP Connection(13)-127.0.0.1] j.LocalContainerEntityManagerFactoryBean : Closing JPA EntityManagerFactory for persistence unit 'default'
2020-02-03 13:56:42.311  INFO 3100 --- [RMI TCP Connection(13)-127.0.0.1] com.zaxxer.hikari.HikariDataSource       : HikariPool-1 - Shutdown initiated...
2020-02-03 13:56:42.492  INFO 3100 --- [RMI TCP Connection(13)-127.0.0.1] com.zaxxer.hikari.HikariDataSource       : HikariPool-1 - Shutdown completed.
2020-02-03 13:56:56.149  INFO 2436 --- [main] com.movie.Movierentals2Application       : Starting Movierentals2Application on nani-laptop with PID 2436 (C:\Users\Nani\Desktop\Technologies\Java\spring-tool-suite-3.9.11.RELEASE-e4.14.0-win32-x86_64\sts-bundle\workspace-sts-3.9.11.RELEASE\movierentals2\target\classes started by Nani in C:\Users\Nani\Desktop\Technologies\Java\spring-tool-suite-3.9.11.RELEASE-e4.14.0-win32-x86_64\sts-bundle\workspace-sts-3.9.11.RELEASE\movierentals2)
2020-02-03 13:56:56.163  INFO 2436 --- [main] com.movie.Movierentals2Application       : The following profiles are active: prod
2020-02-03 13:56:59.484  INFO 2436 --- [main] .s.d.r.c.RepositoryConfigurationDelegate : Bootstrapping Spring Data JPA repositories in DEFAULT mode.
2020-02-03 13:56:59.869  INFO 2436 --- [main] .s.d.r.c.RepositoryConfigurationDelegate : Finished Spring Data repository scanning in 333ms. Found 1 JPA repository interfaces.
2020-02-03 13:57:01.364  INFO 2436 --- [main] trationDelegate$BeanPostProcessorChecker : Bean 'org.springframework.transaction.annotation.ProxyTransactionManagementConfiguration' of type [org.springframework.transaction.annotation.ProxyTransactionManagementConfiguration] is not eligible for getting processed by all BeanPostProcessors (for example: not eligible for auto-proxying)
2020-02-03 13:57:03.356  INFO 2436 --- [main] o.s.b.w.embedded.tomcat.TomcatWebServer  : Tomcat initialized with port(s): 8080 (http)
2020-02-03 13:57:03.399  INFO 2436 --- [main] o.apache.catalina.core.StandardService   : Starting service [Tomcat]
2020-02-03 13:57:03.401  INFO 2436 --- [main] org.apache.catalina.core.StandardEngine  : Starting Servlet engine: [Apache Tomcat/9.0.30]
2020-02-03 13:57:04.317  INFO 2436 --- [main] o.a.c.c.C.[.[.[/movierentals2]           : Initializing Spring embedded WebApplicationContext
2020-02-03 13:57:04.320  INFO 2436 --- [main] o.s.web.context.ContextLoader            : Root WebApplicationContext: initialization completed in 7830 ms
2020-02-03 13:57:05.080  INFO 2436 --- [main] com.zaxxer.hikari.HikariDataSource       : HikariPool-1 - Starting...
2020-02-03 13:57:08.701  INFO 2436 --- [main] com.zaxxer.hikari.HikariDataSource       : HikariPool-1 - Start completed.
2020-02-03 13:57:09.237  INFO 2436 --- [main] o.hibernate.jpa.internal.util.LogHelper  : HHH000204: Processing PersistenceUnitInfo [name: default]
2020-02-03 13:57:09.932  INFO 2436 --- [main] org.hibernate.Version                    : HHH000412: Hibernate Core {5.4.10.Final}
2020-02-03 13:57:10.675  INFO 2436 --- [main] o.hibernate.annotations.common.Version   : HCANN000001: Hibernate Commons Annotations {5.1.0.Final}
2020-02-03 13:57:11.305  INFO 2436 --- [main] org.hibernate.dialect.Dialect            : HHH000400: Using dialect: org.hibernate.dialect.MySQL8Dialect
2020-02-03 13:57:14.267  INFO 2436 --- [main] o.h.e.t.j.p.i.JtaPlatformInitiator       : HHH000490: Using JtaPlatform implementation: [org.hibernate.engine.transaction.jta.platform.internal.NoJtaPlatform]
2020-02-03 13:57:14.305  INFO 2436 --- [main] j.LocalContainerEntityManagerFactoryBean : Initialized JPA EntityManagerFactory for persistence unit 'default'
2020-02-03 13:57:16.386  WARN 2436 --- [main] JpaBaseConfiguration$JpaWebConfiguration : spring.jpa.open-in-view is enabled by default. Therefore, database queries may be performed during view rendering. Explicitly configure spring.jpa.open-in-view to disable this warning
2020-02-03 13:57:17.046  INFO 2436 --- [main] o.s.s.concurrent.ThreadPoolTaskExecutor  : Initializing ExecutorService 'applicationTaskExecutor'
2020-02-03 13:57:18.240  INFO 2436 --- [main] o.s.b.w.embedded.tomcat.TomcatWebServer  : Tomcat started on port(s): 8080 (http) with context path '/movierentals2'
2020-02-03 13:57:18.273  INFO 2436 --- [main] com.movie.Movierentals2Application       : Started Movierentals2Application in 24.556 seconds (JVM running for 29.049)
2020-02-03 13:57:24.288  INFO 2436 --- [http-nio-8080-exec-1] o.a.c.c.C.[.[.[/movierentals2]           : Initializing Spring DispatcherServlet 'dispatcherServlet'
2020-02-03 13:57:24.290  INFO 2436 --- [http-nio-8080-exec-1] o.s.web.servlet.DispatcherServlet        : Initializing Servlet 'dispatcherServlet'
2020-02-03 13:57:24.338  INFO 2436 --- [http-nio-8080-exec-1] o.s.web.servlet.DispatcherServlet        : Completed initialization in 47 ms
2020-02-03 13:58:02.176  INFO 2436 --- [http-nio-8080-exec-3] com.movie.logger.LoggingAspect           : getRentedMoviesViewRecords method executed
2020-02-03 13:58:02.177  INFO 2436 --- [http-nio-8080-exec-3] com.movie.logger.LoggingAspect           : getRentedMoviesViewRecords method called
2020-02-03 14:01:52.148  INFO 2436 --- [RMI TCP Connection(12)-127.0.0.1] inMXBeanRegistrar$SpringApplicationAdmin : Application shutdown requested.
2020-02-03 14:01:52.221  INFO 2436 --- [RMI TCP Connection(12)-127.0.0.1] o.s.s.concurrent.ThreadPoolTaskExecutor  : Shutting down ExecutorService 'applicationTaskExecutor'
2020-02-03 14:01:52.226  INFO 2436 --- [RMI TCP Connection(12)-127.0.0.1] j.LocalContainerEntityManagerFactoryBean : Closing JPA EntityManagerFactory for persistence unit 'default'
2020-02-03 14:01:52.380  INFO 2436 --- [RMI TCP Connection(12)-127.0.0.1] com.zaxxer.hikari.HikariDataSource       : HikariPool-1 - Shutdown initiated...
2020-02-03 14:01:53.280  INFO 2436 --- [RMI TCP Connection(12)-127.0.0.1] com.zaxxer.hikari.HikariDataSource       : HikariPool-1 - Shutdown completed.
2020-02-03 14:02:04.831  INFO 8392 --- [main] com.movie.Movierentals2Application       : Starting Movierentals2Application on nani-laptop with PID 8392 (C:\Users\Nani\Desktop\Technologies\Java\spring-tool-suite-3.9.11.RELEASE-e4.14.0-win32-x86_64\sts-bundle\workspace-sts-3.9.11.RELEASE\movierentals2\target\classes started by Nani in C:\Users\Nani\Desktop\Technologies\Java\spring-tool-suite-3.9.11.RELEASE-e4.14.0-win32-x86_64\sts-bundle\workspace-sts-3.9.11.RELEASE\movierentals2)
2020-02-03 14:02:04.843  INFO 8392 --- [main] com.movie.Movierentals2Application       : The following profiles are active: prod
2020-02-03 14:02:07.219  INFO 8392 --- [main] .s.d.r.c.RepositoryConfigurationDelegate : Bootstrapping Spring Data JPA repositories in DEFAULT mode.
2020-02-03 14:02:07.464  INFO 8392 --- [main] .s.d.r.c.RepositoryConfigurationDelegate : Finished Spring Data repository scanning in 213ms. Found 1 JPA repository interfaces.
2020-02-03 14:02:08.426  INFO 8392 --- [main] trationDelegate$BeanPostProcessorChecker : Bean 'org.springframework.transaction.annotation.ProxyTransactionManagementConfiguration' of type [org.springframework.transaction.annotation.ProxyTransactionManagementConfiguration] is not eligible for getting processed by all BeanPostProcessors (for example: not eligible for auto-proxying)
2020-02-03 14:02:10.191  INFO 8392 --- [main] o.s.b.w.embedded.tomcat.TomcatWebServer  : Tomcat initialized with port(s): 8080 (http)
2020-02-03 14:02:10.292  INFO 8392 --- [main] o.apache.catalina.core.StandardService   : Starting service [Tomcat]
2020-02-03 14:02:10.294  INFO 8392 --- [main] org.apache.catalina.core.StandardEngine  : Starting Servlet engine: [Apache Tomcat/9.0.30]
2020-02-03 14:02:10.876  INFO 8392 --- [main] o.a.c.c.C.[.[.[/movierentals2]           : Initializing Spring embedded WebApplicationContext
2020-02-03 14:02:10.877  INFO 8392 --- [main] o.s.web.context.ContextLoader            : Root WebApplicationContext: initialization completed in 5831 ms
2020-02-03 14:02:12.192  INFO 8392 --- [main] com.zaxxer.hikari.HikariDataSource       : HikariPool-1 - Starting...
2020-02-03 14:02:16.020  INFO 8392 --- [main] com.zaxxer.hikari.HikariDataSource       : HikariPool-1 - Start completed.
2020-02-03 14:02:16.467  INFO 8392 --- [main] o.hibernate.jpa.internal.util.LogHelper  : HHH000204: Processing PersistenceUnitInfo [name: default]
2020-02-03 14:02:17.690  INFO 8392 --- [main] org.hibernate.Version                    : HHH000412: Hibernate Core {5.4.10.Final}
2020-02-03 14:02:18.754  INFO 8392 --- [main] o.hibernate.annotations.common.Version   : HCANN000001: Hibernate Commons Annotations {5.1.0.Final}
2020-02-03 14:02:19.508  INFO 8392 --- [main] org.hibernate.dialect.Dialect            : HHH000400: Using dialect: org.hibernate.dialect.MySQL8Dialect
2020-02-03 14:02:22.792  INFO 8392 --- [main] o.h.e.t.j.p.i.JtaPlatformInitiator       : HHH000490: Using JtaPlatform implementation: [org.hibernate.engine.transaction.jta.platform.internal.NoJtaPlatform]
2020-02-03 14:02:22.822  INFO 8392 --- [main] j.LocalContainerEntityManagerFactoryBean : Initialized JPA EntityManagerFactory for persistence unit 'default'
2020-02-03 14:02:24.666  WARN 8392 --- [main] JpaBaseConfiguration$JpaWebConfiguration : spring.jpa.open-in-view is enabled by default. Therefore, database queries may be performed during view rendering. Explicitly configure spring.jpa.open-in-view to disable this warning
2020-02-03 14:02:25.133  INFO 8392 --- [main] o.s.s.concurrent.ThreadPoolTaskExecutor  : Initializing ExecutorService 'applicationTaskExecutor'
2020-02-03 14:02:26.015  INFO 8392 --- [main] o.s.b.w.embedded.tomcat.TomcatWebServer  : Tomcat started on port(s): 8080 (http) with context path '/movierentals2'
2020-02-03 14:02:26.022  INFO 8392 --- [main] com.movie.Movierentals2Application       : Started Movierentals2Application in 22.714 seconds (JVM running for 25.826)
2020-02-03 14:15:43.625  INFO 8392 --- [http-nio-8080-exec-1] o.a.c.c.C.[.[.[/movierentals2]           : Initializing Spring DispatcherServlet 'dispatcherServlet'
2020-02-03 14:15:43.627  INFO 8392 --- [http-nio-8080-exec-1] o.s.web.servlet.DispatcherServlet        : Initializing Servlet 'dispatcherServlet'
2020-02-03 14:15:43.658  INFO 8392 --- [http-nio-8080-exec-1] o.s.web.servlet.DispatcherServlet        : Completed initialization in 30 ms
2020-02-03 14:16:19.892  INFO 8392 --- [RMI TCP Connection(27)-127.0.0.1] inMXBeanRegistrar$SpringApplicationAdmin : Application shutdown requested.
2020-02-03 14:16:19.904  INFO 8392 --- [RMI TCP Connection(27)-127.0.0.1] o.s.s.concurrent.ThreadPoolTaskExecutor  : Shutting down ExecutorService 'applicationTaskExecutor'
2020-02-03 14:16:19.907  INFO 8392 --- [RMI TCP Connection(27)-127.0.0.1] j.LocalContainerEntityManagerFactoryBean : Closing JPA EntityManagerFactory for persistence unit 'default'
2020-02-03 14:16:19.917  INFO 8392 --- [RMI TCP Connection(27)-127.0.0.1] com.zaxxer.hikari.HikariDataSource       : HikariPool-1 - Shutdown initiated...
2020-02-03 14:16:19.972  INFO 8392 --- [RMI TCP Connection(27)-127.0.0.1] com.zaxxer.hikari.HikariDataSource       : HikariPool-1 - Shutdown completed.
2020-02-03 14:16:35.908  INFO 2928 --- [main] com.movie.Movierentals2Application       : Starting Movierentals2Application on nani-laptop with PID 2928 (C:\Users\Nani\Desktop\Technologies\Java\spring-tool-suite-3.9.11.RELEASE-e4.14.0-win32-x86_64\sts-bundle\workspace-sts-3.9.11.RELEASE\movierentals2\target\classes started by Nani in C:\Users\Nani\Desktop\Technologies\Java\spring-tool-suite-3.9.11.RELEASE-e4.14.0-win32-x86_64\sts-bundle\workspace-sts-3.9.11.RELEASE\movierentals2)
2020-02-03 14:16:35.920  INFO 2928 --- [main] com.movie.Movierentals2Application       : The following profiles are active: prod
2020-02-03 14:16:38.192  INFO 2928 --- [main] .s.d.r.c.RepositoryConfigurationDelegate : Bootstrapping Spring Data JPA repositories in DEFAULT mode.
2020-02-03 14:16:38.458  INFO 2928 --- [main] .s.d.r.c.RepositoryConfigurationDelegate : Finished Spring Data repository scanning in 235ms. Found 1 JPA repository interfaces.
2020-02-03 14:16:39.434  INFO 2928 --- [main] trationDelegate$BeanPostProcessorChecker : Bean 'org.springframework.transaction.annotation.ProxyTransactionManagementConfiguration' of type [org.springframework.transaction.annotation.ProxyTransactionManagementConfiguration] is not eligible for getting processed by all BeanPostProcessors (for example: not eligible for auto-proxying)
2020-02-03 14:16:40.411  INFO 2928 --- [main] o.s.b.w.embedded.tomcat.TomcatWebServer  : Tomcat initialized with port(s): 8080 (http)
2020-02-03 14:16:40.442  INFO 2928 --- [main] o.apache.catalina.core.StandardService   : Starting service [Tomcat]
2020-02-03 14:16:40.444  INFO 2928 --- [main] org.apache.catalina.core.StandardEngine  : Starting Servlet engine: [Apache Tomcat/9.0.30]
2020-02-03 14:16:40.842  INFO 2928 --- [main] o.a.c.c.C.[.[.[/movierentals2]           : Initializing Spring embedded WebApplicationContext
2020-02-03 14:16:40.843  INFO 2928 --- [main] o.s.web.context.ContextLoader            : Root WebApplicationContext: initialization completed in 4712 ms
2020-02-03 14:16:41.342  INFO 2928 --- [main] com.zaxxer.hikari.HikariDataSource       : HikariPool-1 - Starting...
2020-02-03 14:16:43.944  INFO 2928 --- [main] com.zaxxer.hikari.HikariDataSource       : HikariPool-1 - Start completed.
2020-02-03 14:16:44.149  INFO 2928 --- [main] o.hibernate.jpa.internal.util.LogHelper  : HHH000204: Processing PersistenceUnitInfo [name: default]
2020-02-03 14:16:44.472  INFO 2928 --- [main] org.hibernate.Version                    : HHH000412: Hibernate Core {5.4.10.Final}
2020-02-03 14:16:44.996  INFO 2928 --- [main] o.hibernate.annotations.common.Version   : HCANN000001: Hibernate Commons Annotations {5.1.0.Final}
2020-02-03 14:16:45.378  INFO 2928 --- [main] org.hibernate.dialect.Dialect            : HHH000400: Using dialect: org.hibernate.dialect.MySQL8Dialect
2020-02-03 14:16:47.298  INFO 2928 --- [main] o.h.e.t.j.p.i.JtaPlatformInitiator       : HHH000490: Using JtaPlatform implementation: [org.hibernate.engine.transaction.jta.platform.internal.NoJtaPlatform]
2020-02-03 14:16:47.325  INFO 2928 --- [main] j.LocalContainerEntityManagerFactoryBean : Initialized JPA EntityManagerFactory for persistence unit 'default'
2020-02-03 14:16:48.739  WARN 2928 --- [main] JpaBaseConfiguration$JpaWebConfiguration : spring.jpa.open-in-view is enabled by default. Therefore, database queries may be performed during view rendering. Explicitly configure spring.jpa.open-in-view to disable this warning
2020-02-03 14:16:49.162  INFO 2928 --- [main] o.s.s.concurrent.ThreadPoolTaskExecutor  : Initializing ExecutorService 'applicationTaskExecutor'
2020-02-03 14:16:49.889  INFO 2928 --- [main] o.s.b.w.embedded.tomcat.TomcatWebServer  : Tomcat started on port(s): 8080 (http) with context path '/movierentals2'
2020-02-03 14:16:49.896  INFO 2928 --- [main] com.movie.Movierentals2Application       : Started Movierentals2Application in 15.432 seconds (JVM running for 18.972)
2020-02-03 14:17:15.541  INFO 2928 --- [http-nio-8080-exec-1] o.a.c.c.C.[.[.[/movierentals2]           : Initializing Spring DispatcherServlet 'dispatcherServlet'
2020-02-03 14:17:15.543  INFO 2928 --- [http-nio-8080-exec-1] o.s.web.servlet.DispatcherServlet        : Initializing Servlet 'dispatcherServlet'
2020-02-03 14:17:15.579  INFO 2928 --- [http-nio-8080-exec-1] o.s.web.servlet.DispatcherServlet        : Completed initialization in 34 ms
2020-02-03 14:17:15.761  INFO 2928 --- [http-nio-8080-exec-1] com.movie.logger.LoggingAspect           : getRentedMoviesViewRecords method called
2020-02-03 14:17:52.813  INFO 2928 --- [RMI TCP Connection(10)-127.0.0.1] inMXBeanRegistrar$SpringApplicationAdmin : Application shutdown requested.
2020-02-03 14:17:52.861  INFO 2928 --- [RMI TCP Connection(10)-127.0.0.1] o.s.s.concurrent.ThreadPoolTaskExecutor  : Shutting down ExecutorService 'applicationTaskExecutor'
2020-02-03 14:17:52.866  INFO 2928 --- [RMI TCP Connection(10)-127.0.0.1] j.LocalContainerEntityManagerFactoryBean : Closing JPA EntityManagerFactory for persistence unit 'default'
2020-02-03 14:17:52.880  INFO 2928 --- [RMI TCP Connection(10)-127.0.0.1] com.zaxxer.hikari.HikariDataSource       : HikariPool-1 - Shutdown initiated...
2020-02-03 14:17:53.030  INFO 2928 --- [RMI TCP Connection(10)-127.0.0.1] com.zaxxer.hikari.HikariDataSource       : HikariPool-1 - Shutdown completed.
2020-02-03 14:18:04.466  INFO 5048 --- [main] com.movie.Movierentals2Application       : Starting Movierentals2Application on nani-laptop with PID 5048 (C:\Users\Nani\Desktop\Technologies\Java\spring-tool-suite-3.9.11.RELEASE-e4.14.0-win32-x86_64\sts-bundle\workspace-sts-3.9.11.RELEASE\movierentals2\target\classes started by Nani in C:\Users\Nani\Desktop\Technologies\Java\spring-tool-suite-3.9.11.RELEASE-e4.14.0-win32-x86_64\sts-bundle\workspace-sts-3.9.11.RELEASE\movierentals2)
2020-02-03 14:18:04.478  INFO 5048 --- [main] com.movie.Movierentals2Application       : The following profiles are active: prod
2020-02-03 14:18:06.769  INFO 5048 --- [main] .s.d.r.c.RepositoryConfigurationDelegate : Bootstrapping Spring Data JPA repositories in DEFAULT mode.
2020-02-03 14:18:07.008  INFO 5048 --- [main] .s.d.r.c.RepositoryConfigurationDelegate : Finished Spring Data repository scanning in 209ms. Found 1 JPA repository interfaces.
2020-02-03 14:18:07.984  INFO 5048 --- [main] trationDelegate$BeanPostProcessorChecker : Bean 'org.springframework.transaction.annotation.ProxyTransactionManagementConfiguration' of type [org.springframework.transaction.annotation.ProxyTransactionManagementConfiguration] is not eligible for getting processed by all BeanPostProcessors (for example: not eligible for auto-proxying)
2020-02-03 14:18:08.988  INFO 5048 --- [main] o.s.b.w.embedded.tomcat.TomcatWebServer  : Tomcat initialized with port(s): 8080 (http)
2020-02-03 14:18:09.015  INFO 5048 --- [main] o.apache.catalina.core.StandardService   : Starting service [Tomcat]
2020-02-03 14:18:09.017  INFO 5048 --- [main] org.apache.catalina.core.StandardEngine  : Starting Servlet engine: [Apache Tomcat/9.0.30]
2020-02-03 14:18:09.386  INFO 5048 --- [main] o.a.c.c.C.[.[.[/movierentals2]           : Initializing Spring embedded WebApplicationContext
2020-02-03 14:18:09.388  INFO 5048 --- [main] o.s.web.context.ContextLoader            : Root WebApplicationContext: initialization completed in 4708 ms
2020-02-03 14:18:09.910  INFO 5048 --- [main] com.zaxxer.hikari.HikariDataSource       : HikariPool-1 - Starting...
2020-02-03 14:18:12.528  INFO 5048 --- [main] com.zaxxer.hikari.HikariDataSource       : HikariPool-1 - Start completed.
2020-02-03 14:18:12.729  INFO 5048 --- [main] o.hibernate.jpa.internal.util.LogHelper  : HHH000204: Processing PersistenceUnitInfo [name: default]
2020-02-03 14:18:13.051  INFO 5048 --- [main] org.hibernate.Version                    : HHH000412: Hibernate Core {5.4.10.Final}
2020-02-03 14:18:13.585  INFO 5048 --- [main] o.hibernate.annotations.common.Version   : HCANN000001: Hibernate Commons Annotations {5.1.0.Final}
2020-02-03 14:18:13.959  INFO 5048 --- [main] org.hibernate.dialect.Dialect            : HHH000400: Using dialect: org.hibernate.dialect.MySQL8Dialect
2020-02-03 14:18:15.846  INFO 5048 --- [main] o.h.e.t.j.p.i.JtaPlatformInitiator       : HHH000490: Using JtaPlatform implementation: [org.hibernate.engine.transaction.jta.platform.internal.NoJtaPlatform]
2020-02-03 14:18:15.873  INFO 5048 --- [main] j.LocalContainerEntityManagerFactoryBean : Initialized JPA EntityManagerFactory for persistence unit 'default'
2020-02-03 14:18:17.402  WARN 5048 --- [main] JpaBaseConfiguration$JpaWebConfiguration : spring.jpa.open-in-view is enabled by default. Therefore, database queries may be performed during view rendering. Explicitly configure spring.jpa.open-in-view to disable this warning
2020-02-03 14:18:17.849  INFO 5048 --- [main] o.s.s.concurrent.ThreadPoolTaskExecutor  : Initializing ExecutorService 'applicationTaskExecutor'
2020-02-03 14:18:18.590  INFO 5048 --- [main] o.s.b.w.embedded.tomcat.TomcatWebServer  : Tomcat started on port(s): 8080 (http) with context path '/movierentals2'
2020-02-03 14:18:18.598  INFO 5048 --- [main] com.movie.Movierentals2Application       : Started Movierentals2Application in 15.584 seconds (JVM running for 18.932)
2020-02-03 14:18:26.849  INFO 5048 --- [http-nio-8080-exec-1] o.a.c.c.C.[.[.[/movierentals2]           : Initializing Spring DispatcherServlet 'dispatcherServlet'
2020-02-03 14:18:26.852  INFO 5048 --- [http-nio-8080-exec-1] o.s.web.servlet.DispatcherServlet        : Initializing Servlet 'dispatcherServlet'
2020-02-03 14:18:26.886  INFO 5048 --- [http-nio-8080-exec-1] o.s.web.servlet.DispatcherServlet        : Completed initialization in 33 ms
2020-02-03 14:18:27.021  INFO 5048 --- [http-nio-8080-exec-1] com.movie.logger.LoggingAspect           : getAllMoviesViewRecords() method called
2020-02-03 14:21:51.182  INFO 5048 --- [RMI TCP Connection(11)-127.0.0.1] inMXBeanRegistrar$SpringApplicationAdmin : Application shutdown requested.
2020-02-03 14:21:51.195  INFO 5048 --- [RMI TCP Connection(11)-127.0.0.1] o.s.s.concurrent.ThreadPoolTaskExecutor  : Shutting down ExecutorService 'applicationTaskExecutor'
2020-02-03 14:21:51.198  INFO 5048 --- [RMI TCP Connection(11)-127.0.0.1] j.LocalContainerEntityManagerFactoryBean : Closing JPA EntityManagerFactory for persistence unit 'default'
2020-02-03 14:21:51.206  INFO 5048 --- [RMI TCP Connection(11)-127.0.0.1] com.zaxxer.hikari.HikariDataSource       : HikariPool-1 - Shutdown initiated...
2020-02-03 14:21:51.253  INFO 5048 --- [RMI TCP Connection(11)-127.0.0.1] com.zaxxer.hikari.HikariDataSource       : HikariPool-1 - Shutdown completed.
2020-02-03 14:22:00.781  INFO 6996 --- [main] com.movie.Movierentals2Application       : Starting Movierentals2Application on nani-laptop with PID 6996 (C:\Users\Nani\Desktop\Technologies\Java\spring-tool-suite-3.9.11.RELEASE-e4.14.0-win32-x86_64\sts-bundle\workspace-sts-3.9.11.RELEASE\movierentals2\target\classes started by Nani in C:\Users\Nani\Desktop\Technologies\Java\spring-tool-suite-3.9.11.RELEASE-e4.14.0-win32-x86_64\sts-bundle\workspace-sts-3.9.11.RELEASE\movierentals2)
2020-02-03 14:22:00.794  INFO 6996 --- [main] com.movie.Movierentals2Application       : The following profiles are active: prod
2020-02-03 14:22:03.164  INFO 6996 --- [main] .s.d.r.c.RepositoryConfigurationDelegate : Bootstrapping Spring Data JPA repositories in DEFAULT mode.
2020-02-03 14:22:03.419  INFO 6996 --- [main] .s.d.r.c.RepositoryConfigurationDelegate : Finished Spring Data repository scanning in 222ms. Found 1 JPA repository interfaces.
2020-02-03 14:22:04.408  INFO 6996 --- [main] trationDelegate$BeanPostProcessorChecker : Bean 'org.springframework.transaction.annotation.ProxyTransactionManagementConfiguration' of type [org.springframework.transaction.annotation.ProxyTransactionManagementConfiguration] is not eligible for getting processed by all BeanPostProcessors (for example: not eligible for auto-proxying)
2020-02-03 14:22:05.415  INFO 6996 --- [main] o.s.b.w.embedded.tomcat.TomcatWebServer  : Tomcat initialized with port(s): 8080 (http)
2020-02-03 14:22:05.442  INFO 6996 --- [main] o.apache.catalina.core.StandardService   : Starting service [Tomcat]
2020-02-03 14:22:05.444  INFO 6996 --- [main] org.apache.catalina.core.StandardEngine  : Starting Servlet engine: [Apache Tomcat/9.0.30]
2020-02-03 14:22:05.829  INFO 6996 --- [main] o.a.c.c.C.[.[.[/movierentals2]           : Initializing Spring embedded WebApplicationContext
2020-02-03 14:22:05.830  INFO 6996 --- [main] o.s.web.context.ContextLoader            : Root WebApplicationContext: initialization completed in 4837 ms
2020-02-03 14:22:06.335  INFO 6996 --- [main] com.zaxxer.hikari.HikariDataSource       : HikariPool-1 - Starting...
2020-02-03 14:22:08.915  INFO 6996 --- [main] com.zaxxer.hikari.HikariDataSource       : HikariPool-1 - Start completed.
2020-02-03 14:22:09.119  INFO 6996 --- [main] o.hibernate.jpa.internal.util.LogHelper  : HHH000204: Processing PersistenceUnitInfo [name: default]
2020-02-03 14:22:09.441  INFO 6996 --- [main] org.hibernate.Version                    : HHH000412: Hibernate Core {5.4.10.Final}
2020-02-03 14:22:09.981  INFO 6996 --- [main] o.hibernate.annotations.common.Version   : HCANN000001: Hibernate Commons Annotations {5.1.0.Final}
2020-02-03 14:22:10.362  INFO 6996 --- [main] org.hibernate.dialect.Dialect            : HHH000400: Using dialect: org.hibernate.dialect.MySQL8Dialect
2020-02-03 14:22:12.253  INFO 6996 --- [main] o.h.e.t.j.p.i.JtaPlatformInitiator       : HHH000490: Using JtaPlatform implementation: [org.hibernate.engine.transaction.jta.platform.internal.NoJtaPlatform]
2020-02-03 14:22:12.281  INFO 6996 --- [main] j.LocalContainerEntityManagerFactoryBean : Initialized JPA EntityManagerFactory for persistence unit 'default'
2020-02-03 14:22:13.738  WARN 6996 --- [main] JpaBaseConfiguration$JpaWebConfiguration : spring.jpa.open-in-view is enabled by default. Therefore, database queries may be performed during view rendering. Explicitly configure spring.jpa.open-in-view to disable this warning
2020-02-03 14:22:14.191  INFO 6996 --- [main] o.s.s.concurrent.ThreadPoolTaskExecutor  : Initializing ExecutorService 'applicationTaskExecutor'
2020-02-03 14:22:14.931  INFO 6996 --- [main] o.s.b.w.embedded.tomcat.TomcatWebServer  : Tomcat started on port(s): 8080 (http) with context path '/movierentals2'
2020-02-03 14:22:14.939  INFO 6996 --- [main] com.movie.Movierentals2Application       : Started Movierentals2Application in 15.667 seconds (JVM running for 18.873)
2020-02-03 14:22:35.762  INFO 6996 --- [http-nio-8080-exec-1] o.a.c.c.C.[.[.[/movierentals2]           : Initializing Spring DispatcherServlet 'dispatcherServlet'
2020-02-03 14:22:35.763  INFO 6996 --- [http-nio-8080-exec-1] o.s.web.servlet.DispatcherServlet        : Initializing Servlet 'dispatcherServlet'
2020-02-03 14:22:35.807  INFO 6996 --- [http-nio-8080-exec-1] o.s.web.servlet.DispatcherServlet        : Completed initialization in 42 ms
2020-02-03 14:22:36.016  INFO 6996 --- [http-nio-8080-exec-1] com.movie.logger.LoggingAspect           : getAllMoviesViewRecords() method called
2020-02-03 14:22:36.612  INFO 6996 --- [http-nio-8080-exec-1] com.movie.logger.LoggingAspect           : getAllMoviesViewRecords() method executed
